<?xml version="1.0" encoding="UTF-8"?>
<!-- Generated by org.testng.reporters.JUnitReportReporter -->
<testsuite skipped="0" hostname="xinxideMacBook-Pro.local" name="Case.Messages" tests="1" failures="0" timestamp="20 十月 2018 13:34:49 GMT" time="0.400" errors="0">
  <testcase name="sendText" time="0.400" classname="Case.Messages"/>
</testsuite> <!-- Case.Messages -->
